{"name":"verifyLoginFlowWithInvalidOtpAndResendOtpViaSms","status":"broken","statusDetails":{"known":false,"muted":false,"flaky":false,"message":"Timed out after 20 seconds waiting for element to be clickable: Proxy element for: org.openqa.selenium.support.pagefactory.DefaultElementLocator@693c7741\nBuild info: version: '2.43.1', revision: '5163bceef1bc36d43f3dc0b83c88998168a363a0', time: '2014-09-10 09:43:55'\nSystem info: host: 'Rapidos-MacBook-Pro-8.local', ip: '192.168.1.2', os.name: 'Mac OS X', os.arch: 'x86_64', os.version: '12.5', java.version: '1.8.0_351'\nDriver info: io.appium.java_client.ios.IOSDriver\nCapabilities [{deviceType=SIMULATOR, app=/Users/rapido/Documents/Rapido Staging.app, networkConnectionEnabled=false, runsOn=any, databaseEnabled=false, connectHardwareKeyboard=true, deviceName=iPhone 14, nativeApp=true, platform=MAC, includeSafariInWebviews=true, newCommandTimeout=3600, platformVersion=16.1, webStorageEnabled=false, locationContextEnabled=false, automationName=XCUITest, browserName=, takesScreenshot=true, javascriptEnabled=true, platformName=iOS, udid=6DCBB8FC-7BF0-4CE8-A937-D467DF3491AB}]\nSession ID: 1b196ddd-e040-495d-bab1-96ceab08671e","trace":"org.openqa.selenium.TimeoutException: Timed out after 20 seconds waiting for element to be clickable: Proxy element for: org.openqa.selenium.support.pagefactory.DefaultElementLocator@693c7741\nBuild info: version: '2.43.1', revision: '5163bceef1bc36d43f3dc0b83c88998168a363a0', time: '2014-09-10 09:43:55'\nSystem info: host: 'Rapidos-MacBook-Pro-8.local', ip: '192.168.1.2', os.name: 'Mac OS X', os.arch: 'x86_64', os.version: '12.5', java.version: '1.8.0_351'\nDriver info: io.appium.java_client.ios.IOSDriver\nCapabilities [{deviceType=SIMULATOR, app=/Users/rapido/Documents/Rapido Staging.app, networkConnectionEnabled=false, runsOn=any, databaseEnabled=false, connectHardwareKeyboard=true, deviceName=iPhone 14, nativeApp=true, platform=MAC, includeSafariInWebviews=true, newCommandTimeout=3600, platformVersion=16.1, webStorageEnabled=false, locationContextEnabled=false, automationName=XCUITest, browserName=, takesScreenshot=true, javascriptEnabled=true, platformName=iOS, udid=6DCBB8FC-7BF0-4CE8-A937-D467DF3491AB}]\nSession ID: 1b196ddd-e040-495d-bab1-96ceab08671e\n\tat org.openqa.selenium.support.ui.WebDriverWait.timeoutException(WebDriverWait.java:79)\n\tat org.openqa.selenium.support.ui.FluentWait.until(FluentWait.java:228)\n\tat utils.CommonAction.waitForElementToBeClickable(CommonAction.java:76)\n\tat screens.loginandregistration.LoginScreen.enterMobileNumberAndSubmit(LoginScreen.java:58)\n\tat userJourney.LoginFlowTestCase.verifyLoginFlowWithInvalidOtpAndResendOtpViaSms(LoginFlowTestCase.java:84)\n\tat sun.reflect.NativeMethodAccessorImpl.invoke0(Native Method)\n\tat sun.reflect.NativeMethodAccessorImpl.invoke(NativeMethodAccessorImpl.java:62)\n\tat sun.reflect.DelegatingMethodAccessorImpl.invoke(DelegatingMethodAccessorImpl.java:43)\n\tat java.lang.reflect.Method.invoke(Method.java:498)\n\tat org.testng.internal.MethodInvocationHelper.invokeMethod(MethodInvocationHelper.java:133)\n\tat org.testng.internal.TestInvoker.invokeMethod(TestInvoker.java:584)\n\tat org.testng.internal.TestInvoker.invokeTestMethod(TestInvoker.java:172)\n\tat org.testng.internal.MethodRunner.runInSequence(MethodRunner.java:46)\n\tat org.testng.internal.TestInvoker$MethodInvocationAgent.invoke(TestInvoker.java:804)\n\tat org.testng.internal.TestInvoker.invokeTestMethods(TestInvoker.java:145)\n\tat org.testng.internal.TestMethodWorker.invokeTestMethods(TestMethodWorker.java:146)\n\tat org.testng.internal.TestMethodWorker.run(TestMethodWorker.java:128)\n\tat java.util.ArrayList.forEach(ArrayList.java:1259)\n\tat org.testng.TestRunner.privateRun(TestRunner.java:770)\n\tat org.testng.TestRunner.run(TestRunner.java:591)\n\tat org.testng.SuiteRunner.runTest(SuiteRunner.java:402)\n\tat org.testng.SuiteRunner.runSequentially(SuiteRunner.java:396)\n\tat org.testng.SuiteRunner.privateRun(SuiteRunner.java:355)\n\tat org.testng.SuiteRunner.run(SuiteRunner.java:304)\n\tat org.testng.SuiteRunnerWorker.runSuite(SuiteRunnerWorker.java:53)\n\tat org.testng.SuiteRunnerWorker.run(SuiteRunnerWorker.java:96)\n\tat org.testng.TestNG.runSuitesSequentially(TestNG.java:1180)\n\tat org.testng.TestNG.runSuitesLocally(TestNG.java:1102)\n\tat org.testng.TestNG.runSuites(TestNG.java:1032)\n\tat org.testng.TestNG.run(TestNG.java:1000)\n\tat com.intellij.rt.testng.IDEARemoteTestNG.run(IDEARemoteTestNG.java:66)\n\tat com.intellij.rt.testng.RemoteTestNGStarter.main(RemoteTestNGStarter.java:109)\nCaused by: org.openqa.selenium.NoSuchElementException: An element could not be located on the page using the given search parameters. (WARNING: The server did not provide any stacktrace information)\nCommand duration or timeout: 72 milliseconds\nFor documentation on this error, please visit: http://seleniumhq.org/exceptions/no_such_element.html\nBuild info: version: '2.43.1', revision: '5163bceef1bc36d43f3dc0b83c88998168a363a0', time: '2014-09-10 09:43:55'\nSystem info: host: 'Rapidos-MacBook-Pro-8.local', ip: '192.168.1.2', os.name: 'Mac OS X', os.arch: 'x86_64', os.version: '12.5', java.version: '1.8.0_351'\nDriver info: io.appium.java_client.ios.IOSDriver\nCapabilities [{deviceType=SIMULATOR, app=/Users/rapido/Documents/Rapido Staging.app, networkConnectionEnabled=false, runsOn=any, databaseEnabled=false, connectHardwareKeyboard=true, deviceName=iPhone 14, nativeApp=true, platform=MAC, includeSafariInWebviews=true, newCommandTimeout=3600, platformVersion=16.1, webStorageEnabled=false, locationContextEnabled=false, automationName=XCUITest, browserName=, takesScreenshot=true, javascriptEnabled=true, platformName=iOS, udid=6DCBB8FC-7BF0-4CE8-A937-D467DF3491AB}]\nSession ID: 1b196ddd-e040-495d-bab1-96ceab08671e\n\tat sun.reflect.GeneratedConstructorAccessor20.newInstance(Unknown Source)\n\tat sun.reflect.DelegatingConstructorAccessorImpl.newInstance(DelegatingConstructorAccessorImpl.java:45)\n\tat java.lang.reflect.Constructor.newInstance(Constructor.java:423)\n\tat org.openqa.selenium.remote.ErrorHandler.createThrowable(ErrorHandler.java:204)\n\tat org.openqa.selenium.remote.ErrorHandler.throwIfResponseFailed(ErrorHandler.java:156)\n\tat org.openqa.selenium.remote.RemoteWebDriver.execute(RemoteWebDriver.java:599)\n\tat io.appium.java_client.AppiumDriver.execute(AppiumDriver.java:180)\n\tat org.openqa.selenium.remote.RemoteWebDriver.findElement(RemoteWebDriver.java:352)\n\tat org.openqa.selenium.remote.RemoteWebDriver.findElementByXPath(RemoteWebDriver.java:449)\n\tat org.openqa.selenium.By$ByXPath.findElement(By.java:357)\n\tat org.openqa.selenium.remote.RemoteWebDriver.findElement(RemoteWebDriver.java:344)\n\tat org.openqa.selenium.support.pagefactory.DefaultElementLocator.findElement(DefaultElementLocator.java:59)\n\tat org.openqa.selenium.support.pagefactory.internal.LocatingElementHandler.invoke(LocatingElementHandler.java:37)\n\tat com.sun.proxy.$Proxy23.isDisplayed(Unknown Source)\n\tat org.openqa.selenium.support.ui.ExpectedConditions.elementIfVisible(ExpectedConditions.java:227)\n\tat org.openqa.selenium.support.ui.ExpectedConditions.access$100(ExpectedConditions.java:39)\n\tat org.openqa.selenium.support.ui.ExpectedConditions$7.apply(ExpectedConditions.java:213)\n\tat org.openqa.selenium.support.ui.ExpectedConditions$7.apply(ExpectedConditions.java:210)\n\tat org.openqa.selenium.support.ui.ExpectedConditions$18.apply(ExpectedConditions.java:563)\n\tat org.openqa.selenium.support.ui.ExpectedConditions$18.apply(ExpectedConditions.java:556)\n\tat org.openqa.selenium.support.ui.FluentWait.until(FluentWait.java:208)\n\t... 30 more\n"},"stage":"finished","steps":[],"attachments":[],"parameters":[{"name":"runsOn","value":"local"},{"name":"deviceName","value":"iPhone 14"},{"name":"Device","value":"iPhone 14"},{"name":"platformVersion","value":"16.1"}],"start":1671811691097,"stop":1671811857031,"uuid":"a2e645bb-816e-4658-91fd-781f8770829e","historyId":"b0ce32a62166d83d84a0a560c4bdb1a2","fullName":"userJourney.LoginFlowTestCase.verifyLoginFlowWithInvalidOtpAndResendOtpViaSms","labels":[{"name":"package","value":"userJourney.LoginFlowTestCase"},{"name":"testClass","value":"userJourney.LoginFlowTestCase"},{"name":"testMethod","value":"verifyLoginFlowWithInvalidOtpAndResendOtpViaSms"},{"name":"parentSuite","value":"Automation TestSuite"},{"name":"suite","value":"IosLoginFlow"},{"name":"subSuite","value":"userJourney.LoginFlowTestCase"},{"name":"host","value":"Rapidos-MacBook-Pro-8.local"},{"name":"thread","value":"42670@Rapidos-MacBook-Pro-8.local.main(1)"},{"name":"framework","value":"testng"},{"name":"language","value":"java"},{"name":"story","value":"Customer Login with registered user invalid otp and resend otp via sms"}],"links":[]}